c:\users\alex\source\repos\mypaint\mypaint\x64\debug\mypaint.pch
c:\users\alex\source\repos\mypaint\mypaint\x64\debug\vc141.pdb
c:\users\alex\source\repos\mypaint\mypaint\x64\debug\vc141.idb
c:\users\alex\source\repos\mypaint\mypaint\x64\debug\stdafx.obj
c:\users\alex\source\repos\mypaint\mypaint\x64\debug\options.obj
c:\users\alex\source\repos\mypaint\mypaint\x64\debug\mypaintview.obj
c:\users\alex\source\repos\mypaint\mypaint\x64\debug\mypaintdoc.obj
c:\users\alex\source\repos\mypaint\mypaint\x64\debug\mypaint.obj
c:\users\alex\source\repos\mypaint\mypaint\x64\debug\mainfrm.obj
c:\users\alex\source\repos\mypaint\mypaint\x64\debug\elements.obj
c:\users\alex\source\repos\mypaint\mypaint\x64\debug\childfrm.obj
c:\users\alex\source\repos\mypaint\x64\debug\mypaint.ilk
c:\users\alex\source\repos\mypaint\x64\debug\mypaint.exe
c:\users\alex\source\repos\mypaint\x64\debug\mypaint.pdb
c:\users\alex\source\repos\mypaint\mypaint\x64\debug\mypaint.res
c:\users\alex\source\repos\mypaint\mypaint\x64\debug\mypaint.tlog\cl.command.1.tlog
c:\users\alex\source\repos\mypaint\mypaint\x64\debug\mypaint.tlog\cl.read.1.tlog
c:\users\alex\source\repos\mypaint\mypaint\x64\debug\mypaint.tlog\cl.write.1.tlog
c:\users\alex\source\repos\mypaint\mypaint\x64\debug\mypaint.tlog\link.command.1.tlog
c:\users\alex\source\repos\mypaint\mypaint\x64\debug\mypaint.tlog\link.read.1.tlog
c:\users\alex\source\repos\mypaint\mypaint\x64\debug\mypaint.tlog\link.write.1.tlog
c:\users\alex\source\repos\mypaint\mypaint\x64\debug\mypaint.tlog\rc.command.1.tlog
c:\users\alex\source\repos\mypaint\mypaint\x64\debug\mypaint.tlog\rc.read.1.tlog
c:\users\alex\source\repos\mypaint\mypaint\x64\debug\mypaint.tlog\rc.write.1.tlog
